mode: set
HnH/pkg/queryUtils/psql_query_utils.go:9.39,11.27 2 1
HnH/pkg/queryUtils/psql_query_utils.go:11.27,13.3 1 1
HnH/pkg/queryUtils/psql_query_utils.go:14.2,14.23 1 1
HnH/pkg/queryUtils/psql_query_utils.go:20.62,23.35 3 1
HnH/pkg/queryUtils/psql_query_utils.go:23.35,25.3 1 1
HnH/pkg/queryUtils/psql_query_utils.go:26.2,26.46 1 1
HnH/internal/domain/user.go:12.29,14.2 1 0
HnH/internal/repository/psql/psql_cv.go:23.52,27.2 1 1
HnH/internal/repository/psql/psql_cv.go:29.71,55.26 4 1
HnH/internal/repository/psql/psql_cv.go:55.26,57.3 1 1
HnH/internal/repository/psql/psql_cv.go:58.2,58.16 1 1
HnH/internal/repository/psql/psql_cv.go:58.16,60.3 1 1
HnH/internal/repository/psql/psql_cv.go:62.2,62.25 1 1
HnH/internal/repository/psql/psql_cv.go:65.78,66.22 1 1
HnH/internal/repository/psql/psql_cv.go:66.22,68.3 1 1
HnH/internal/repository/psql/psql_cv.go:70.2,87.16 5 1
HnH/internal/repository/psql/psql_cv.go:87.16,89.3 1 1
HnH/internal/repository/psql/psql_cv.go:90.2,93.18 3 1
HnH/internal/repository/psql/psql_cv.go:93.18,104.17 3 1
HnH/internal/repository/psql/psql_cv.go:104.17,106.4 1 0
HnH/internal/repository/psql/psql_cv.go:107.3,107.40 1 1
HnH/internal/repository/psql/psql_cv.go:109.2,109.27 1 1
HnH/internal/repository/psql/psql_cv.go:109.27,111.3 1 0
HnH/internal/repository/psql/psql_cv.go:112.2,112.25 1 1
HnH/internal/repository/psql/psql_cv.go:115.79,137.16 3 1
HnH/internal/repository/psql/psql_cv.go:137.16,139.3 1 1
HnH/internal/repository/psql/psql_cv.go:140.2,143.18 3 1
HnH/internal/repository/psql/psql_cv.go:143.18,154.17 3 1
HnH/internal/repository/psql/psql_cv.go:154.17,156.4 1 0
HnH/internal/repository/psql/psql_cv.go:157.3,157.40 1 1
HnH/internal/repository/psql/psql_cv.go:159.2,159.27 1 1
HnH/internal/repository/psql/psql_cv.go:159.27,161.3 1 1
HnH/internal/repository/psql/psql_cv.go:162.2,162.25 1 1
HnH/internal/repository/psql/psql_cv.go:165.77,196.26 4 1
HnH/internal/repository/psql/psql_cv.go:196.26,198.3 1 1
HnH/internal/repository/psql/psql_cv.go:199.2,199.16 1 1
HnH/internal/repository/psql/psql_cv.go:199.16,201.3 1 1
HnH/internal/repository/psql/psql_cv.go:203.2,203.26 1 1
HnH/internal/repository/psql/psql_cv.go:206.85,245.26 4 1
HnH/internal/repository/psql/psql_cv.go:245.26,247.3 1 1
HnH/internal/repository/psql/psql_cv.go:248.2,248.16 1 1
HnH/internal/repository/psql/psql_cv.go:248.16,250.3 1 1
HnH/internal/repository/psql/psql_cv.go:252.2,252.25 1 1
HnH/internal/repository/psql/psql_cv.go:255.89,277.26 3 1
HnH/internal/repository/psql/psql_cv.go:277.26,279.3 1 1
HnH/internal/repository/psql/psql_cv.go:280.2,280.16 1 1
HnH/internal/repository/psql/psql_cv.go:280.16,282.3 1 1
HnH/internal/repository/psql/psql_cv.go:284.2,285.16 2 1
HnH/internal/repository/psql/psql_cv.go:285.16,287.3 1 0
HnH/internal/repository/psql/psql_cv.go:289.2,289.12 1 1
HnH/internal/repository/psql/psql_cv.go:292.74,303.26 3 1
HnH/internal/repository/psql/psql_cv.go:303.26,305.3 1 1
HnH/internal/repository/psql/psql_cv.go:306.2,306.16 1 1
HnH/internal/repository/psql/psql_cv.go:306.16,308.3 1 1
HnH/internal/repository/psql/psql_cv.go:310.2,311.16 2 1
HnH/internal/repository/psql/psql_cv.go:311.16,313.3 1 0
HnH/internal/repository/psql/psql_cv.go:315.2,315.12 1 1
HnH/internal/repository/psql/psql_response.go:18.64,22.2 1 0
HnH/internal/repository/psql/psql_response.go:24.78,26.16 2 0
HnH/internal/repository/psql/psql_response.go:26.16,28.3 1 0
HnH/internal/repository/psql/psql_response.go:30.2,30.12 1 0
HnH/internal/repository/psql/psql_response.go:33.81,35.35 2 0
HnH/internal/repository/psql/psql_response.go:35.35,37.3 1 0
HnH/internal/repository/psql/psql_response.go:37.8,37.23 1 0
HnH/internal/repository/psql/psql_response.go:37.23,39.3 1 0
HnH/internal/repository/psql/psql_response.go:41.2,44.18 3 0
HnH/internal/repository/psql/psql_response.go:44.18,48.17 3 0
HnH/internal/repository/psql/psql_response.go:48.17,50.4 1 0
HnH/internal/repository/psql/psql_response.go:51.3,51.37 1 0
HnH/internal/repository/psql/psql_response.go:54.2,54.20 1 0
HnH/internal/repository/psql/psql_response.go:57.79,59.35 2 0
HnH/internal/repository/psql/psql_response.go:59.35,61.3 1 0
HnH/internal/repository/psql/psql_response.go:61.8,61.23 1 0
HnH/internal/repository/psql/psql_response.go:61.23,63.3 1 0
HnH/internal/repository/psql/psql_response.go:65.2,68.18 3 0
HnH/internal/repository/psql/psql_response.go:68.18,72.17 3 0
HnH/internal/repository/psql/psql_response.go:72.17,74.4 1 0
HnH/internal/repository/psql/psql_response.go:75.3,75.32 1 0
HnH/internal/repository/psql/psql_response.go:78.2,78.20 1 0
HnH/internal/repository/psql/psql_user.go:28.56,32.2 1 1
HnH/internal/repository/psql/psql_user.go:34.116,36.9 2 1
HnH/internal/repository/psql/psql_user.go:36.9,38.3 1 0
HnH/internal/repository/psql/psql_user.go:40.2,41.9 2 1
HnH/internal/repository/psql/psql_user.go:41.9,43.3 1 0
HnH/internal/repository/psql/psql_user.go:45.2,47.14 2 1
HnH/internal/repository/psql/psql_user.go:47.14,49.3 1 0
HnH/internal/repository/psql/psql_user.go:51.2,51.12 1 1
HnH/internal/repository/psql/psql_user.go:54.88,59.35 4 1
HnH/internal/repository/psql/psql_user.go:59.35,61.3 1 1
HnH/internal/repository/psql/psql_user.go:61.8,61.23 1 1
HnH/internal/repository/psql/psql_user.go:61.23,63.3 1 1
HnH/internal/repository/psql/psql_user.go:65.2,65.71 1 1
HnH/internal/repository/psql/psql_user.go:68.65,69.34 1 1
HnH/internal/repository/psql/psql_user.go:69.34,75.20 3 1
HnH/internal/repository/psql/psql_user.go:75.20,77.4 1 1
HnH/internal/repository/psql/psql_user.go:77.9,77.25 1 1
HnH/internal/repository/psql/psql_user.go:77.25,79.4 1 1
HnH/internal/repository/psql/psql_user.go:80.8,80.42 1 1
HnH/internal/repository/psql/psql_user.go:80.42,86.20 3 1
HnH/internal/repository/psql/psql_user.go:86.20,88.4 1 1
HnH/internal/repository/psql/psql_user.go:88.9,88.26 1 1
HnH/internal/repository/psql/psql_user.go:88.26,90.4 1 1
HnH/internal/repository/psql/psql_user.go:91.8,93.3 1 0
HnH/internal/repository/psql/psql_user.go:95.2,95.12 1 1
HnH/internal/repository/psql/psql_user.go:98.65,100.27 2 1
HnH/internal/repository/psql/psql_user.go:100.27,102.3 1 1
HnH/internal/repository/psql/psql_user.go:104.2,105.23 2 1
HnH/internal/repository/psql/psql_user.go:105.23,107.3 1 1
HnH/internal/repository/psql/psql_user.go:109.2,109.12 1 1
HnH/internal/repository/psql/psql_user.go:112.86,117.35 4 1
HnH/internal/repository/psql/psql_user.go:117.35,119.3 1 1
HnH/internal/repository/psql/psql_user.go:119.8,119.23 1 1
HnH/internal/repository/psql/psql_user.go:119.23,121.3 1 1
HnH/internal/repository/psql/psql_user.go:123.2,123.71 1 1
HnH/internal/repository/psql/psql_user.go:126.95,130.12 3 1
HnH/internal/repository/psql/psql_user.go:130.12,132.3 1 0
HnH/internal/repository/psql/psql_user.go:132.8,132.23 1 1
HnH/internal/repository/psql/psql_user.go:132.23,134.3 1 0
HnH/internal/repository/psql/psql_user.go:136.2,137.16 2 1
HnH/internal/repository/psql/psql_user.go:137.16,139.3 1 0
HnH/internal/repository/psql/psql_user.go:141.2,147.19 3 1
HnH/internal/repository/psql/psql_user.go:147.19,149.3 1 0
HnH/internal/repository/psql/psql_user.go:151.2,151.35 1 1
HnH/internal/repository/psql/psql_user.go:151.35,153.20 2 1
HnH/internal/repository/psql/psql_user.go:153.20,155.4 1 0
HnH/internal/repository/psql/psql_user.go:156.8,156.41 1 1
HnH/internal/repository/psql/psql_user.go:156.41,158.20 2 1
HnH/internal/repository/psql/psql_user.go:158.20,160.4 1 0
HnH/internal/repository/psql/psql_user.go:161.8,163.3 1 0
HnH/internal/repository/psql/psql_user.go:165.2,165.12 1 1
HnH/internal/repository/psql/psql_user.go:168.76,174.35 3 0
HnH/internal/repository/psql/psql_user.go:174.35,176.3 1 0
HnH/internal/repository/psql/psql_user.go:176.8,176.23 1 0
HnH/internal/repository/psql/psql_user.go:176.23,178.3 1 0
HnH/internal/repository/psql/psql_user.go:180.2,180.18 1 0
HnH/internal/repository/psql/psql_user.go:183.74,187.35 3 0
HnH/internal/repository/psql/psql_user.go:187.35,189.3 1 0
HnH/internal/repository/psql/psql_user.go:189.8,189.23 1 0
HnH/internal/repository/psql/psql_user.go:189.23,191.3 1 0
HnH/internal/repository/psql/psql_user.go:193.2,193.20 1 0
HnH/internal/repository/psql/psql_user.go:196.75,200.17 3 0
HnH/internal/repository/psql/psql_user.go:200.17,202.3 1 0
HnH/internal/repository/psql/psql_user.go:202.8,202.26 1 0
HnH/internal/repository/psql/psql_user.go:202.26,204.3 1 0
HnH/internal/repository/psql/psql_user.go:206.2,209.16 3 0
HnH/internal/repository/psql/psql_user.go:209.16,211.3 1 0
HnH/internal/repository/psql/psql_user.go:211.8,211.26 1 0
HnH/internal/repository/psql/psql_user.go:211.26,213.3 1 0
HnH/internal/repository/psql/psql_user.go:215.2,215.30 1 0
HnH/internal/repository/psql/psql_user.go:218.76,223.19 2 0
HnH/internal/repository/psql/psql_user.go:223.19,225.3 1 0
HnH/internal/repository/psql/psql_user.go:227.2,227.28 1 0
HnH/internal/repository/psql/psql_user.go:227.28,229.17 2 0
HnH/internal/repository/psql/psql_user.go:229.17,231.4 1 0
HnH/internal/repository/psql/psql_user.go:233.3,234.24 2 0
HnH/internal/repository/psql/psql_user.go:234.24,236.4 1 0
HnH/internal/repository/psql/psql_user.go:239.2,239.12 1 0
HnH/internal/repository/psql/psql_user.go:242.68,246.35 3 0
HnH/internal/repository/psql/psql_user.go:246.35,248.3 1 0
HnH/internal/repository/psql/psql_user.go:248.8,248.23 1 0
HnH/internal/repository/psql/psql_user.go:248.23,250.3 1 0
HnH/internal/repository/psql/psql_user.go:252.2,252.19 1 0
HnH/internal/repository/psql/psql_vacancy.go:24.62,28.2 1 1
HnH/internal/repository/psql/psql_vacancy.go:30.80,49.16 3 1
HnH/internal/repository/psql/psql_vacancy.go:49.16,51.3 1 1
HnH/internal/repository/psql/psql_vacancy.go:52.2,56.18 3 1
HnH/internal/repository/psql/psql_vacancy.go:56.18,73.17 3 1
HnH/internal/repository/psql/psql_vacancy.go:73.17,75.4 1 0
HnH/internal/repository/psql/psql_vacancy.go:76.3,76.57 1 1
HnH/internal/repository/psql/psql_vacancy.go:78.2,78.33 1 1
HnH/internal/repository/psql/psql_vacancy.go:78.33,80.3 1 1
HnH/internal/repository/psql/psql_vacancy.go:81.2,81.31 1 1
HnH/internal/repository/psql/psql_vacancy.go:84.105,85.22 1 1
HnH/internal/repository/psql/psql_vacancy.go:85.22,87.3 1 1
HnH/internal/repository/psql/psql_vacancy.go:89.2,91.34 3 1
HnH/internal/repository/psql/psql_vacancy.go:91.34,93.3 1 1
HnH/internal/repository/psql/psql_vacancy.go:95.2,121.16 5 1
HnH/internal/repository/psql/psql_vacancy.go:121.16,123.3 1 1
HnH/internal/repository/psql/psql_vacancy.go:124.2,128.18 3 1
HnH/internal/repository/psql/psql_vacancy.go:128.18,145.17 3 1
HnH/internal/repository/psql/psql_vacancy.go:145.17,147.4 1 0
HnH/internal/repository/psql/psql_vacancy.go:148.3,148.57 1 1
HnH/internal/repository/psql/psql_vacancy.go:150.2,150.33 1 1
HnH/internal/repository/psql/psql_vacancy.go:150.33,152.3 1 1
HnH/internal/repository/psql/psql_vacancy.go:153.2,153.31 1 1
HnH/internal/repository/psql/psql_vacancy.go:156.87,194.26 4 1
HnH/internal/repository/psql/psql_vacancy.go:194.26,196.3 1 1
HnH/internal/repository/psql/psql_vacancy.go:197.2,197.16 1 1
HnH/internal/repository/psql/psql_vacancy.go:197.16,199.3 1 1
HnH/internal/repository/psql/psql_vacancy.go:201.2,201.30 1 1
HnH/internal/repository/psql/psql_vacancy.go:255.73,277.26 4 1
HnH/internal/repository/psql/psql_vacancy.go:277.26,279.3 1 1
HnH/internal/repository/psql/psql_vacancy.go:280.2,280.16 1 1
HnH/internal/repository/psql/psql_vacancy.go:280.16,282.3 1 1
HnH/internal/repository/psql/psql_vacancy.go:284.2,284.36 1 1
HnH/internal/repository/psql/psql_vacancy.go:288.97,327.26 4 1
HnH/internal/repository/psql/psql_vacancy.go:327.26,329.3 1 1
HnH/internal/repository/psql/psql_vacancy.go:330.2,330.16 1 1
HnH/internal/repository/psql/psql_vacancy.go:330.16,332.3 1 1
HnH/internal/repository/psql/psql_vacancy.go:334.2,334.31 1 1
HnH/internal/repository/psql/psql_vacancy.go:337.106,374.26 3 1
HnH/internal/repository/psql/psql_vacancy.go:374.26,376.3 1 1
HnH/internal/repository/psql/psql_vacancy.go:377.2,377.16 1 1
HnH/internal/repository/psql/psql_vacancy.go:377.16,379.3 1 1
HnH/internal/repository/psql/psql_vacancy.go:381.2,382.16 2 1
HnH/internal/repository/psql/psql_vacancy.go:382.16,384.3 1 0
HnH/internal/repository/psql/psql_vacancy.go:386.2,386.12 1 1
HnH/internal/repository/psql/psql_vacancy.go:389.81,400.26 3 1
HnH/internal/repository/psql/psql_vacancy.go:400.26,402.3 1 1
HnH/internal/repository/psql/psql_vacancy.go:403.2,403.16 1 1
HnH/internal/repository/psql/psql_vacancy.go:403.16,405.3 1 1
HnH/internal/repository/psql/psql_vacancy.go:407.2,408.16 2 1
HnH/internal/repository/psql/psql_vacancy.go:408.16,410.3 1 0
HnH/internal/repository/psql/psql_vacancy.go:412.2,412.12 1 1
HnH/pkg/authUtils/email_validator.go:9.40,10.21 1 0
HnH/pkg/authUtils/email_validator.go:10.21,12.3 1 0
HnH/pkg/authUtils/email_validator.go:14.2,15.16 2 0
HnH/pkg/authUtils/email_validator.go:15.16,17.3 1 0
HnH/pkg/authUtils/email_validator.go:17.8,17.30 1 0
HnH/pkg/authUtils/email_validator.go:17.30,19.3 1 0
HnH/pkg/authUtils/email_validator.go:21.2,21.12 1 0
HnH/pkg/authUtils/hasher.go:28.37,31.16 3 1
HnH/pkg/authUtils/hasher.go:31.16,33.3 1 0
HnH/pkg/authUtils/hasher.go:35.2,35.18 1 1
HnH/pkg/authUtils/hasher.go:38.74,40.16 2 1
HnH/pkg/authUtils/hasher.go:40.16,42.3 1 0
HnH/pkg/authUtils/hasher.go:44.2,45.24 2 1
HnH/pkg/authUtils/hasher.go:48.76,51.62 2 1
HnH/pkg/authUtils/hasher.go:51.62,53.3 1 1
HnH/pkg/authUtils/hasher.go:55.2,55.14 1 0
HnH/pkg/authUtils/password_validator.go:7.46,8.24 1 0
HnH/pkg/authUtils/password_validator.go:8.24,10.3 1 0
HnH/pkg/authUtils/password_validator.go:12.2,12.46 1 0
HnH/pkg/authUtils/password_validator.go:12.46,14.3 1 0
HnH/pkg/authUtils/password_validator.go:16.2,20.32 4 0
HnH/pkg/authUtils/password_validator.go:20.32,21.16 1 0
HnH/pkg/authUtils/password_validator.go:21.16,23.4 1 0
HnH/pkg/authUtils/password_validator.go:25.3,25.18 1 0
HnH/pkg/authUtils/password_validator.go:25.18,27.4 1 0
HnH/pkg/authUtils/password_validator.go:29.3,29.22 1 0
HnH/pkg/authUtils/password_validator.go:29.22,30.40 1 0
HnH/pkg/authUtils/password_validator.go:30.40,33.23 2 0
HnH/pkg/authUtils/password_validator.go:33.23,34.11 1 0
HnH/pkg/authUtils/password_validator.go:40.2,40.49 1 0
HnH/pkg/authUtils/password_validator.go:40.49,42.3 1 0
HnH/pkg/authUtils/password_validator.go:44.2,44.12 1 0
HnH/pkg/authUtils/password_validator.go:47.45,48.24 1 0
HnH/pkg/authUtils/password_validator.go:48.24,50.3 1 0
HnH/pkg/authUtils/password_validator.go:52.2,52.12 1 0
HnH/pkg/nullTypes/null_int.go:14.52,15.15 1 0
HnH/pkg/nullTypes/null_int.go:15.15,17.3 1 0
HnH/pkg/nullTypes/null_int.go:18.2,18.31 1 0
HnH/pkg/nullTypes/null_int.go:22.52,26.2 3 0
HnH/pkg/nullTypes/null_int.go:29.46,32.2 2 1
HnH/pkg/nullTypes/null_int.go:35.52,37.11 2 1
HnH/pkg/nullTypes/null_int.go:37.11,40.3 2 1
HnH/pkg/nullTypes/null_int.go:40.8,42.3 1 1
HnH/pkg/nullTypes/null_int.go:43.2,43.12 1 1
HnH/pkg/nullTypes/null_string.go:14.53,15.15 1 0
HnH/pkg/nullTypes/null_string.go:15.15,17.3 1 0
HnH/pkg/nullTypes/null_string.go:18.2,18.32 1 0
HnH/pkg/nullTypes/null_string.go:22.53,26.2 3 0
HnH/pkg/nullTypes/null_string.go:29.47,32.2 2 1
HnH/pkg/nullTypes/null_string.go:35.57,37.11 2 1
HnH/pkg/nullTypes/null_string.go:37.11,40.3 2 1
HnH/pkg/nullTypes/null_string.go:40.8,42.3 1 1
HnH/pkg/nullTypes/null_string.go:43.2,43.12 1 1
HnH/pkg/queryUtils/psql_query_utils.go:9.39,11.27 2 1
HnH/pkg/queryUtils/psql_query_utils.go:11.27,13.3 1 1
HnH/pkg/queryUtils/psql_query_utils.go:14.2,14.23 1 1
HnH/pkg/queryUtils/psql_query_utils.go:20.62,23.35 3 1
HnH/pkg/queryUtils/psql_query_utils.go:23.35,25.3 1 1
HnH/pkg/queryUtils/psql_query_utils.go:26.2,26.46 1 1
HnH/pkg/testHelper/test_helper.go:26.56,29.34 2 1
HnH/pkg/testHelper/test_helper.go:29.34,31.3 1 1
HnH/pkg/testHelper/test_helper.go:33.2,33.15 1 1
