mode: set
HnH/pkg/queryUtils/psql_query_utils.go:9.39,11.27 2 1
HnH/pkg/queryUtils/psql_query_utils.go:11.27,13.3 1 1
HnH/pkg/queryUtils/psql_query_utils.go:14.2,14.23 1 1
HnH/pkg/queryUtils/psql_query_utils.go:20.64,22.35 2 1
HnH/pkg/queryUtils/psql_query_utils.go:22.35,24.3 1 1
HnH/pkg/queryUtils/psql_query_utils.go:25.2,25.46 1 1
HnH/pkg/queryUtils/psql_query_utils.go:28.84,32.31 2 1
HnH/pkg/queryUtils/psql_query_utils.go:32.31,34.3 1 1
HnH/pkg/queryUtils/psql_query_utils.go:35.2,35.33 1 1
HnH/pkg/queryUtils/psql_query_utils.go:38.103,41.52 3 1
HnH/pkg/queryUtils/psql_query_utils.go:41.52,43.3 1 1
HnH/pkg/queryUtils/psql_query_utils.go:44.2,47.34 3 1
HnH/pkg/queryUtils/psql_query_utils.go:50.105,52.41 2 1
HnH/pkg/queryUtils/psql_query_utils.go:52.41,54.3 1 1
HnH/pkg/queryUtils/psql_query_utils.go:55.2,55.36 1 1
HnH/pkg/queryUtils/psql_query_utils.go:58.70,60.35 2 1
HnH/pkg/queryUtils/psql_query_utils.go:60.35,62.37 2 1
HnH/pkg/queryUtils/psql_query_utils.go:62.37,63.26 1 1
HnH/pkg/queryUtils/psql_query_utils.go:63.26,65.10 2 1
HnH/pkg/queryUtils/psql_query_utils.go:68.3,68.16 1 1
HnH/pkg/queryUtils/psql_query_utils.go:68.16,70.4 1 1
HnH/pkg/queryUtils/psql_query_utils.go:72.2,72.12 1 1
HnH/pkg/utils/utils.go:3.56,4.32 1 1
HnH/pkg/utils/utils.go:4.32,5.29 1 1
HnH/pkg/utils/utils.go:5.29,7.4 1 1
HnH/pkg/utils/utils.go:9.2,9.14 1 1
HnH/pkg/utils/utils.go:14.45,17.30 2 1
HnH/pkg/utils/utils.go:17.30,19.3 1 1
HnH/pkg/utils/utils.go:21.2,23.30 2 1
HnH/pkg/utils/utils.go:23.30,24.28 1 1
HnH/pkg/utils/utils.go:24.28,26.4 1 1
HnH/pkg/utils/utils.go:29.2,29.12 1 1
HnH/internal/domain/cv.go:52.32,69.24 2 0
HnH/internal/domain/cv.go:69.24,71.25 2 0
HnH/internal/domain/cv.go:71.25,74.4 2 0
HnH/internal/domain/cv.go:77.2,77.13 1 0
HnH/internal/domain/cv.go:99.31,115.2 1 0
HnH/internal/domain/education_institution.go:11.72,19.2 1 0
HnH/internal/domain/education_institution.go:29.74,37.2 1 0
HnH/internal/domain/experience.go:23.52,33.2 1 0
HnH/internal/domain/experience.go:45.51,55.2 1 0
HnH/internal/domain/user.go:12.29,14.2 1 0
HnH/internal/domain/user.go:33.34,47.23 2 0
HnH/internal/domain/user.go:47.23,49.25 2 0
HnH/internal/domain/user.go:49.25,52.4 2 0
HnH/internal/domain/user.go:55.2,55.13 1 0
HnH/internal/domain/user.go:71.52,86.2 1 0
HnH/internal/domain/vacancy.go:34.43,65.2 2 0
HnH/internal/domain/vacancy.go:88.42,131.2 2 0
HnH/internal/repository/psql/psql_cv.go:35.52,57.2 1 1
HnH/internal/repository/psql/psql_cv.go:59.150,65.18 5 1
HnH/internal/repository/psql/psql_cv.go:65.18,67.3 1 0
HnH/internal/repository/psql/psql_cv.go:68.2,94.26 4 1
HnH/internal/repository/psql/psql_cv.go:94.26,97.3 2 1
HnH/internal/repository/psql/psql_cv.go:98.2,98.16 1 1
HnH/internal/repository/psql/psql_cv.go:98.16,101.3 2 1
HnH/internal/repository/psql/psql_cv.go:103.2,104.19 2 1
HnH/internal/repository/psql/psql_cv.go:104.19,107.3 2 0
HnH/internal/repository/psql/psql_cv.go:109.2,110.20 2 1
HnH/internal/repository/psql/psql_cv.go:110.20,113.3 2 0
HnH/internal/repository/psql/psql_cv.go:115.2,116.22 2 1
HnH/internal/repository/psql/psql_cv.go:116.22,118.3 1 0
HnH/internal/repository/psql/psql_cv.go:119.2,121.54 2 1
HnH/internal/repository/psql/psql_cv.go:124.157,128.18 4 1
HnH/internal/repository/psql/psql_cv.go:128.18,130.3 1 0
HnH/internal/repository/psql/psql_cv.go:131.2,131.22 1 1
HnH/internal/repository/psql/psql_cv.go:131.22,134.3 2 1
HnH/internal/repository/psql/psql_cv.go:136.2,147.16 5 1
HnH/internal/repository/psql/psql_cv.go:147.16,150.3 2 1
HnH/internal/repository/psql/psql_cv.go:151.2,155.20 4 1
HnH/internal/repository/psql/psql_cv.go:155.20,173.17 3 1
HnH/internal/repository/psql/psql_cv.go:173.17,176.4 2 0
HnH/internal/repository/psql/psql_cv.go:177.3,178.40 2 1
HnH/internal/repository/psql/psql_cv.go:180.2,180.27 1 1
HnH/internal/repository/psql/psql_cv.go:180.27,183.3 2 0
HnH/internal/repository/psql/psql_cv.go:185.2,186.19 2 1
HnH/internal/repository/psql/psql_cv.go:186.19,189.3 2 0
HnH/internal/repository/psql/psql_cv.go:190.2,191.20 2 1
HnH/internal/repository/psql/psql_cv.go:191.20,194.3 2 0
HnH/internal/repository/psql/psql_cv.go:196.2,197.22 2 1
HnH/internal/repository/psql/psql_cv.go:197.22,199.3 1 0
HnH/internal/repository/psql/psql_cv.go:201.2,201.54 1 1
HnH/internal/repository/psql/psql_cv.go:204.158,208.18 4 1
HnH/internal/repository/psql/psql_cv.go:208.18,211.3 2 0
HnH/internal/repository/psql/psql_cv.go:212.2,240.16 3 1
HnH/internal/repository/psql/psql_cv.go:240.16,243.3 2 1
HnH/internal/repository/psql/psql_cv.go:244.2,248.18 4 1
HnH/internal/repository/psql/psql_cv.go:248.18,266.17 3 1
HnH/internal/repository/psql/psql_cv.go:266.17,269.4 2 0
HnH/internal/repository/psql/psql_cv.go:270.3,271.40 2 1
HnH/internal/repository/psql/psql_cv.go:273.2,273.27 1 1
HnH/internal/repository/psql/psql_cv.go:273.27,276.3 2 1
HnH/internal/repository/psql/psql_cv.go:281.2,282.19 2 1
HnH/internal/repository/psql/psql_cv.go:282.19,285.3 2 0
HnH/internal/repository/psql/psql_cv.go:288.2,289.20 2 1
HnH/internal/repository/psql/psql_cv.go:289.20,292.3 2 0
HnH/internal/repository/psql/psql_cv.go:295.2,296.22 2 1
HnH/internal/repository/psql/psql_cv.go:296.22,298.3 1 0
HnH/internal/repository/psql/psql_cv.go:300.2,300.54 1 1
HnH/internal/repository/psql/psql_cv.go:303.96,309.19 4 0
HnH/internal/repository/psql/psql_cv.go:309.19,311.3 1 0
HnH/internal/repository/psql/psql_cv.go:313.2,313.25 1 0
HnH/internal/repository/psql/psql_cv.go:316.181,325.16 4 0
HnH/internal/repository/psql/psql_cv.go:325.16,327.3 1 0
HnH/internal/repository/psql/psql_cv.go:329.2,329.12 1 0
HnH/internal/repository/psql/psql_cv.go:329.12,331.3 1 0
HnH/internal/repository/psql/psql_cv.go:333.2,336.16 3 0
HnH/internal/repository/psql/psql_cv.go:336.16,338.3 1 0
HnH/internal/repository/psql/psql_cv.go:340.2,343.16 3 0
HnH/internal/repository/psql/psql_cv.go:343.16,345.3 1 0
HnH/internal/repository/psql/psql_cv.go:347.2,348.16 2 0
HnH/internal/repository/psql/psql_cv.go:348.16,350.3 1 0
HnH/internal/repository/psql/psql_cv.go:352.2,352.50 1 0
HnH/internal/repository/psql/psql_cv.go:359.16,363.18 4 1
HnH/internal/repository/psql/psql_cv.go:363.18,366.3 2 0
HnH/internal/repository/psql/psql_cv.go:368.2,406.34 4 1
HnH/internal/repository/psql/psql_cv.go:406.34,409.3 2 1
HnH/internal/repository/psql/psql_cv.go:410.2,410.24 1 1
HnH/internal/repository/psql/psql_cv.go:410.24,413.3 2 1
HnH/internal/repository/psql/psql_cv.go:415.2,416.19 2 1
HnH/internal/repository/psql/psql_cv.go:416.19,419.3 2 0
HnH/internal/repository/psql/psql_cv.go:421.2,422.20 2 1
HnH/internal/repository/psql/psql_cv.go:422.20,425.3 2 0
HnH/internal/repository/psql/psql_cv.go:428.2,429.22 2 1
HnH/internal/repository/psql/psql_cv.go:429.22,431.3 1 0
HnH/internal/repository/psql/psql_cv.go:433.2,433.26 1 1
HnH/internal/repository/psql/psql_cv.go:436.164,440.18 4 1
HnH/internal/repository/psql/psql_cv.go:440.18,443.3 2 0
HnH/internal/repository/psql/psql_cv.go:444.2,496.26 4 1
HnH/internal/repository/psql/psql_cv.go:496.26,499.3 2 1
HnH/internal/repository/psql/psql_cv.go:500.2,500.16 1 1
HnH/internal/repository/psql/psql_cv.go:500.16,503.3 2 1
HnH/internal/repository/psql/psql_cv.go:505.2,506.19 2 1
HnH/internal/repository/psql/psql_cv.go:506.19,509.3 2 0
HnH/internal/repository/psql/psql_cv.go:511.2,512.20 2 1
HnH/internal/repository/psql/psql_cv.go:512.20,515.3 2 0
HnH/internal/repository/psql/psql_cv.go:517.2,518.22 2 1
HnH/internal/repository/psql/psql_cv.go:518.22,520.3 1 0
HnH/internal/repository/psql/psql_cv.go:522.2,522.38 1 1
HnH/internal/repository/psql/psql_cv.go:529.9,533.18 4 1
HnH/internal/repository/psql/psql_cv.go:533.18,536.3 2 0
HnH/internal/repository/psql/psql_cv.go:537.2,572.26 3 1
HnH/internal/repository/psql/psql_cv.go:572.26,575.3 2 1
HnH/internal/repository/psql/psql_cv.go:576.2,576.16 1 1
HnH/internal/repository/psql/psql_cv.go:576.16,579.3 2 1
HnH/internal/repository/psql/psql_cv.go:580.2,581.16 2 1
HnH/internal/repository/psql/psql_cv.go:581.16,584.3 2 0
HnH/internal/repository/psql/psql_cv.go:588.2,589.22 2 1
HnH/internal/repository/psql/psql_cv.go:589.22,592.3 2 0
HnH/internal/repository/psql/psql_cv.go:596.2,597.22 2 1
HnH/internal/repository/psql/psql_cv.go:597.22,600.3 2 0
HnH/internal/repository/psql/psql_cv.go:604.2,605.22 2 1
HnH/internal/repository/psql/psql_cv.go:605.22,608.3 2 0
HnH/internal/repository/psql/psql_cv.go:612.2,613.23 2 1
HnH/internal/repository/psql/psql_cv.go:613.23,616.3 2 0
HnH/internal/repository/psql/psql_cv.go:620.2,621.23 2 1
HnH/internal/repository/psql/psql_cv.go:621.23,624.3 2 0
HnH/internal/repository/psql/psql_cv.go:628.2,629.23 2 1
HnH/internal/repository/psql/psql_cv.go:629.23,632.3 2 0
HnH/internal/repository/psql/psql_cv.go:635.2,636.22 2 1
HnH/internal/repository/psql/psql_cv.go:636.22,638.3 1 0
HnH/internal/repository/psql/psql_cv.go:640.2,640.12 1 1
HnH/internal/repository/psql/psql_cv.go:643.95,647.18 4 1
HnH/internal/repository/psql/psql_cv.go:647.18,650.3 2 0
HnH/internal/repository/psql/psql_cv.go:651.2,661.26 3 1
HnH/internal/repository/psql/psql_cv.go:661.26,664.3 2 1
HnH/internal/repository/psql/psql_cv.go:665.2,665.16 1 1
HnH/internal/repository/psql/psql_cv.go:665.16,668.3 2 1
HnH/internal/repository/psql/psql_cv.go:669.2,670.16 2 1
HnH/internal/repository/psql/psql_cv.go:670.16,673.3 2 0
HnH/internal/repository/psql/psql_cv.go:675.2,676.19 2 1
HnH/internal/repository/psql/psql_cv.go:676.19,679.3 2 0
HnH/internal/repository/psql/psql_cv.go:681.2,682.20 2 1
HnH/internal/repository/psql/psql_cv.go:682.20,685.3 2 0
HnH/internal/repository/psql/psql_cv.go:687.2,688.22 2 1
HnH/internal/repository/psql/psql_cv.go:688.22,690.3 1 0
HnH/internal/repository/psql/psql_cv.go:692.2,692.12 1 1
HnH/internal/repository/psql/psql_education_institutions.go:28.88,39.2 1 1
HnH/internal/repository/psql/psql_education_institutions.go:41.116,53.19 5 0
HnH/internal/repository/psql/psql_education_institutions.go:53.19,55.3 1 0
HnH/internal/repository/psql/psql_education_institutions.go:56.2,59.18 3 0
HnH/internal/repository/psql/psql_education_institutions.go:59.18,62.21 3 0
HnH/internal/repository/psql/psql_education_institutions.go:62.21,64.4 1 0
HnH/internal/repository/psql/psql_education_institutions.go:65.3,65.52 1 0
HnH/internal/repository/psql/psql_education_institutions.go:67.2,67.31 1 0
HnH/internal/repository/psql/psql_education_institutions.go:67.31,69.3 1 0
HnH/internal/repository/psql/psql_education_institutions.go:70.2,70.29 1 0
HnH/internal/repository/psql/psql_education_institutions.go:73.151,85.19 5 1
HnH/internal/repository/psql/psql_education_institutions.go:85.19,87.3 1 0
HnH/internal/repository/psql/psql_education_institutions.go:88.2,91.18 3 1
HnH/internal/repository/psql/psql_education_institutions.go:91.18,100.21 3 0
HnH/internal/repository/psql/psql_education_institutions.go:100.21,102.4 1 0
HnH/internal/repository/psql/psql_education_institutions.go:103.3,103.62 1 0
HnH/internal/repository/psql/psql_education_institutions.go:109.2,109.34 1 1
HnH/internal/repository/psql/psql_education_institutions.go:112.159,116.21 3 1
HnH/internal/repository/psql/psql_education_institutions.go:116.21,118.3 1 0
HnH/internal/repository/psql/psql_education_institutions.go:120.2,131.19 5 1
HnH/internal/repository/psql/psql_education_institutions.go:131.19,133.3 1 0
HnH/internal/repository/psql/psql_education_institutions.go:134.2,137.18 3 1
HnH/internal/repository/psql/psql_education_institutions.go:137.18,146.21 3 0
HnH/internal/repository/psql/psql_education_institutions.go:146.21,148.4 1 0
HnH/internal/repository/psql/psql_education_institutions.go:149.3,149.60 1 0
HnH/internal/repository/psql/psql_education_institutions.go:155.2,155.34 1 1
HnH/internal/repository/psql/psql_education_institutions.go:158.126,160.43 2 0
HnH/internal/repository/psql/psql_education_institutions.go:160.43,165.3 4 0
HnH/internal/repository/psql/psql_education_institutions.go:166.2,166.12 1 0
HnH/internal/repository/psql/psql_education_institutions.go:169.162,173.28 3 1
HnH/internal/repository/psql/psql_education_institutions.go:173.28,175.3 1 1
HnH/internal/repository/psql/psql_education_institutions.go:176.2,183.32 3 0
HnH/internal/repository/psql/psql_education_institutions.go:183.32,185.3 1 0
HnH/internal/repository/psql/psql_education_institutions.go:186.2,186.22 1 0
HnH/internal/repository/psql/psql_education_institutions.go:186.22,188.3 1 0
HnH/internal/repository/psql/psql_education_institutions.go:190.2,191.22 2 0
HnH/internal/repository/psql/psql_education_institutions.go:191.22,193.3 1 0
HnH/internal/repository/psql/psql_education_institutions.go:195.2,195.12 1 0
HnH/internal/repository/psql/psql_education_institutions.go:198.111,200.46 2 0
HnH/internal/repository/psql/psql_education_institutions.go:200.46,202.3 1 0
HnH/internal/repository/psql/psql_education_institutions.go:203.2,203.12 1 0
HnH/internal/repository/psql/psql_education_institutions.go:206.121,210.43 3 0
HnH/internal/repository/psql/psql_education_institutions.go:210.43,214.3 3 0
HnH/internal/repository/psql/psql_education_institutions.go:216.2,220.12 5 0
HnH/internal/repository/psql/psql_education_institutions.go:223.165,227.28 3 1
HnH/internal/repository/psql/psql_education_institutions.go:227.28,229.3 1 1
HnH/internal/repository/psql/psql_education_institutions.go:230.2,243.29 4 0
HnH/internal/repository/psql/psql_education_institutions.go:243.29,245.3 1 0
HnH/internal/repository/psql/psql_education_institutions.go:246.2,246.19 1 0
HnH/internal/repository/psql/psql_education_institutions.go:246.19,248.3 1 0
HnH/internal/repository/psql/psql_education_institutions.go:249.2,250.19 2 0
HnH/internal/repository/psql/psql_education_institutions.go:250.19,252.3 1 0
HnH/internal/repository/psql/psql_education_institutions.go:254.2,254.12 1 0
HnH/internal/repository/psql/psql_education_institutions.go:257.119,269.29 5 1
HnH/internal/repository/psql/psql_education_institutions.go:269.29,271.3 1 0
HnH/internal/repository/psql/psql_education_institutions.go:272.2,272.19 1 1
HnH/internal/repository/psql/psql_education_institutions.go:272.19,274.3 1 0
HnH/internal/repository/psql/psql_education_institutions.go:275.2,276.19 2 1
HnH/internal/repository/psql/psql_education_institutions.go:276.19,278.3 1 0
HnH/internal/repository/psql/psql_education_institutions.go:280.2,280.12 1 1
HnH/internal/repository/psql/psql_education_institutions.go:283.129,287.23 3 1
HnH/internal/repository/psql/psql_education_institutions.go:287.23,289.3 1 1
HnH/internal/repository/psql/psql_education_institutions.go:291.2,302.29 5 0
HnH/internal/repository/psql/psql_education_institutions.go:302.29,304.3 1 0
HnH/internal/repository/psql/psql_education_institutions.go:305.2,305.19 1 0
HnH/internal/repository/psql/psql_education_institutions.go:305.19,307.3 1 0
HnH/internal/repository/psql/psql_education_institutions.go:308.2,309.19 2 0
HnH/internal/repository/psql/psql_education_institutions.go:309.19,311.3 1 0
HnH/internal/repository/psql/psql_education_institutions.go:313.2,313.12 1 0
HnH/internal/repository/psql/psql_experience.go:29.68,42.2 1 1
HnH/internal/repository/psql/psql_experience.go:44.105,56.19 5 0
HnH/internal/repository/psql/psql_experience.go:56.19,58.3 1 0
HnH/internal/repository/psql/psql_experience.go:59.2,62.18 3 0
HnH/internal/repository/psql/psql_experience.go:62.18,66.21 3 0
HnH/internal/repository/psql/psql_experience.go:66.21,68.4 1 0
HnH/internal/repository/psql/psql_experience.go:69.3,69.49 1 0
HnH/internal/repository/psql/psql_experience.go:71.2,71.30 1 0
HnH/internal/repository/psql/psql_experience.go:71.30,73.3 1 0
HnH/internal/repository/psql/psql_experience.go:74.2,74.28 1 0
HnH/internal/repository/psql/psql_experience.go:77.130,89.19 5 1
HnH/internal/repository/psql/psql_experience.go:89.19,91.3 1 0
HnH/internal/repository/psql/psql_experience.go:92.2,95.18 3 1
HnH/internal/repository/psql/psql_experience.go:95.18,106.21 3 0
HnH/internal/repository/psql/psql_experience.go:106.21,108.4 1 0
HnH/internal/repository/psql/psql_experience.go:109.3,109.57 1 0
HnH/internal/repository/psql/psql_experience.go:115.2,115.33 1 1
HnH/internal/repository/psql/psql_experience.go:118.138,122.21 3 1
HnH/internal/repository/psql/psql_experience.go:122.21,124.3 1 0
HnH/internal/repository/psql/psql_experience.go:126.2,137.19 5 1
HnH/internal/repository/psql/psql_experience.go:137.19,139.3 1 0
HnH/internal/repository/psql/psql_experience.go:140.2,143.18 3 1
HnH/internal/repository/psql/psql_experience.go:143.18,154.21 3 0
HnH/internal/repository/psql/psql_experience.go:154.21,156.4 1 0
HnH/internal/repository/psql/psql_experience.go:157.3,157.57 1 0
HnH/internal/repository/psql/psql_experience.go:163.2,163.33 1 1
HnH/internal/repository/psql/psql_experience.go:166.129,190.32 6 0
HnH/internal/repository/psql/psql_experience.go:190.32,192.3 1 0
HnH/internal/repository/psql/psql_experience.go:193.2,193.22 1 0
HnH/internal/repository/psql/psql_experience.go:193.22,195.3 1 0
HnH/internal/repository/psql/psql_experience.go:197.2,197.27 1 0
HnH/internal/repository/psql/psql_experience.go:200.105,202.41 2 0
HnH/internal/repository/psql/psql_experience.go:202.41,209.32 6 0
HnH/internal/repository/psql/psql_experience.go:209.32,211.4 1 0
HnH/internal/repository/psql/psql_experience.go:211.9,213.4 1 0
HnH/internal/repository/psql/psql_experience.go:215.2,215.12 1 0
HnH/internal/repository/psql/psql_experience.go:218.140,222.27 3 1
HnH/internal/repository/psql/psql_experience.go:222.27,224.3 1 1
HnH/internal/repository/psql/psql_experience.go:225.2,233.32 4 0
HnH/internal/repository/psql/psql_experience.go:233.32,235.3 1 0
HnH/internal/repository/psql/psql_experience.go:236.2,236.22 1 0
HnH/internal/repository/psql/psql_experience.go:236.22,238.3 1 0
HnH/internal/repository/psql/psql_experience.go:239.2,240.22 2 0
HnH/internal/repository/psql/psql_experience.go:240.22,242.3 1 0
HnH/internal/repository/psql/psql_experience.go:244.2,244.12 1 0
HnH/internal/repository/psql/psql_experience.go:247.90,249.41 2 0
HnH/internal/repository/psql/psql_experience.go:249.41,251.3 1 0
HnH/internal/repository/psql/psql_experience.go:252.2,252.12 1 0
HnH/internal/repository/psql/psql_experience.go:255.100,259.41 3 0
HnH/internal/repository/psql/psql_experience.go:259.41,265.3 5 0
HnH/internal/repository/psql/psql_experience.go:267.2,273.12 7 0
HnH/internal/repository/psql/psql_experience.go:277.143,281.27 3 1
HnH/internal/repository/psql/psql_experience.go:281.27,283.3 1 1
HnH/internal/repository/psql/psql_experience.go:284.2,305.29 4 0
HnH/internal/repository/psql/psql_experience.go:305.29,307.3 1 0
HnH/internal/repository/psql/psql_experience.go:308.2,308.19 1 0
HnH/internal/repository/psql/psql_experience.go:308.19,310.3 1 0
HnH/internal/repository/psql/psql_experience.go:311.2,312.19 2 0
HnH/internal/repository/psql/psql_experience.go:312.19,314.3 1 0
HnH/internal/repository/psql/psql_experience.go:316.2,316.12 1 0
HnH/internal/repository/psql/psql_experience.go:319.108,333.29 5 1
HnH/internal/repository/psql/psql_experience.go:333.29,335.3 1 0
HnH/internal/repository/psql/psql_experience.go:336.2,336.19 1 1
HnH/internal/repository/psql/psql_experience.go:336.19,338.3 1 0
HnH/internal/repository/psql/psql_experience.go:339.2,340.19 2 1
HnH/internal/repository/psql/psql_experience.go:340.19,342.3 1 0
HnH/internal/repository/psql/psql_experience.go:344.2,344.12 1 1
HnH/internal/repository/psql/psql_experience.go:347.117,351.22 3 1
HnH/internal/repository/psql/psql_experience.go:351.22,353.3 1 1
HnH/internal/repository/psql/psql_experience.go:355.2,366.29 5 0
HnH/internal/repository/psql/psql_experience.go:366.29,368.3 1 0
HnH/internal/repository/psql/psql_experience.go:369.2,369.19 1 0
HnH/internal/repository/psql/psql_experience.go:369.19,371.3 1 0
HnH/internal/repository/psql/psql_experience.go:372.2,373.19 2 0
HnH/internal/repository/psql/psql_experience.go:373.19,375.3 1 0
HnH/internal/repository/psql/psql_experience.go:377.2,377.12 1 0
HnH/internal/repository/psql/psql_response.go:22.64,26.2 1 0
HnH/internal/repository/psql/psql_response.go:28.99,33.26 4 0
HnH/internal/repository/psql/psql_response.go:33.26,35.3 1 0
HnH/internal/repository/psql/psql_response.go:36.2,36.16 1 0
HnH/internal/repository/psql/psql_response.go:36.16,38.3 1 0
HnH/internal/repository/psql/psql_response.go:39.2,40.16 2 0
HnH/internal/repository/psql/psql_response.go:40.16,42.3 1 0
HnH/internal/repository/psql/psql_response.go:44.2,44.12 1 0
HnH/internal/repository/psql/psql_response.go:47.102,55.35 4 0
HnH/internal/repository/psql/psql_response.go:55.35,57.3 1 0
HnH/internal/repository/psql/psql_response.go:57.8,57.23 1 0
HnH/internal/repository/psql/psql_response.go:57.23,59.3 1 0
HnH/internal/repository/psql/psql_response.go:61.2,64.18 3 0
HnH/internal/repository/psql/psql_response.go:64.18,68.17 3 0
HnH/internal/repository/psql/psql_response.go:68.17,70.4 1 0
HnH/internal/repository/psql/psql_response.go:71.3,71.37 1 0
HnH/internal/repository/psql/psql_response.go:74.2,74.20 1 0
HnH/internal/repository/psql/psql_response.go:77.100,85.35 4 0
HnH/internal/repository/psql/psql_response.go:85.35,87.3 1 0
HnH/internal/repository/psql/psql_response.go:87.8,87.23 1 0
HnH/internal/repository/psql/psql_response.go:87.23,89.3 1 0
HnH/internal/repository/psql/psql_response.go:91.2,94.18 3 0
HnH/internal/repository/psql/psql_response.go:94.18,98.17 3 0
HnH/internal/repository/psql/psql_response.go:98.17,100.4 1 0
HnH/internal/repository/psql/psql_response.go:101.3,101.32 1 0
HnH/internal/repository/psql/psql_response.go:104.2,104.20 1 0
HnH/internal/repository/psql/psql_skill.go:22.58,26.2 1 0
HnH/internal/repository/psql/psql_skill.go:29.106,38.31 3 0
HnH/internal/repository/psql/psql_skill.go:38.31,46.27 4 0
HnH/internal/repository/psql/psql_skill.go:46.27,52.54 2 0
HnH/internal/repository/psql/psql_skill.go:52.54,54.5 1 0
HnH/internal/repository/psql/psql_skill.go:55.9,55.24 1 0
HnH/internal/repository/psql/psql_skill.go:55.24,57.4 1 0
HnH/internal/repository/psql/psql_skill.go:59.3,63.27 3 0
HnH/internal/repository/psql/psql_skill.go:63.27,65.4 1 0
HnH/internal/repository/psql/psql_skill.go:66.3,66.17 1 0
HnH/internal/repository/psql/psql_skill.go:66.17,68.4 1 0
HnH/internal/repository/psql/psql_skill.go:70.3,71.17 2 0
HnH/internal/repository/psql/psql_skill.go:71.17,73.4 1 0
HnH/internal/repository/psql/psql_skill.go:75.2,75.12 1 0
HnH/internal/repository/psql/psql_skill.go:78.101,96.16 5 0
HnH/internal/repository/psql/psql_skill.go:96.16,98.3 1 0
HnH/internal/repository/psql/psql_skill.go:99.2,103.18 3 0
HnH/internal/repository/psql/psql_skill.go:103.18,107.17 3 0
HnH/internal/repository/psql/psql_skill.go:107.17,109.4 1 0
HnH/internal/repository/psql/psql_skill.go:110.3,110.49 1 0
HnH/internal/repository/psql/psql_skill.go:113.2,113.28 1 0
HnH/internal/repository/psql/psql_skill.go:117.104,126.31 3 0
HnH/internal/repository/psql/psql_skill.go:126.31,134.27 4 0
HnH/internal/repository/psql/psql_skill.go:134.27,145.54 3 0
HnH/internal/repository/psql/psql_skill.go:145.54,147.5 1 0
HnH/internal/repository/psql/psql_skill.go:148.9,148.24 1 0
HnH/internal/repository/psql/psql_skill.go:148.24,150.4 1 0
HnH/internal/repository/psql/psql_skill.go:152.3,162.27 4 0
HnH/internal/repository/psql/psql_skill.go:162.27,164.4 1 0
HnH/internal/repository/psql/psql_skill.go:165.3,165.17 1 0
HnH/internal/repository/psql/psql_skill.go:165.17,167.4 1 0
HnH/internal/repository/psql/psql_skill.go:169.3,170.17 2 0
HnH/internal/repository/psql/psql_skill.go:170.17,172.4 1 0
HnH/internal/repository/psql/psql_skill.go:174.2,174.12 1 0
HnH/internal/repository/psql/psql_skill.go:177.99,195.16 5 0
HnH/internal/repository/psql/psql_skill.go:195.16,197.3 1 0
HnH/internal/repository/psql/psql_skill.go:198.2,202.18 3 0
HnH/internal/repository/psql/psql_skill.go:202.18,206.17 3 0
HnH/internal/repository/psql/psql_skill.go:206.17,208.4 1 0
HnH/internal/repository/psql/psql_skill.go:209.3,209.49 1 0
HnH/internal/repository/psql/psql_skill.go:212.2,212.28 1 0
HnH/internal/repository/psql/psql_user.go:34.56,38.2 1 1
HnH/internal/repository/psql/psql_user.go:40.116,42.9 2 1
HnH/internal/repository/psql/psql_user.go:42.9,44.3 1 0
HnH/internal/repository/psql/psql_user.go:46.2,47.9 2 1
HnH/internal/repository/psql/psql_user.go:47.9,49.3 1 0
HnH/internal/repository/psql/psql_user.go:51.2,53.14 2 1
HnH/internal/repository/psql/psql_user.go:53.14,55.3 1 0
HnH/internal/repository/psql/psql_user.go:57.2,57.12 1 1
HnH/internal/repository/psql/psql_user.go:60.110,66.35 5 1
HnH/internal/repository/psql/psql_user.go:66.35,68.3 1 1
HnH/internal/repository/psql/psql_user.go:68.8,68.23 1 1
HnH/internal/repository/psql/psql_user.go:68.23,70.3 1 1
HnH/internal/repository/psql/psql_user.go:72.2,72.71 1 1
HnH/internal/repository/psql/psql_user.go:75.89,77.34 2 1
HnH/internal/repository/psql/psql_user.go:77.34,83.20 3 1
HnH/internal/repository/psql/psql_user.go:83.20,85.4 1 1
HnH/internal/repository/psql/psql_user.go:85.9,85.25 1 1
HnH/internal/repository/psql/psql_user.go:85.25,87.4 1 1
HnH/internal/repository/psql/psql_user.go:88.8,88.42 1 1
HnH/internal/repository/psql/psql_user.go:88.42,94.20 3 1
HnH/internal/repository/psql/psql_user.go:94.20,96.4 1 1
HnH/internal/repository/psql/psql_user.go:96.9,96.26 1 1
HnH/internal/repository/psql/psql_user.go:96.26,98.4 1 1
HnH/internal/repository/psql/psql_user.go:99.8,101.3 1 0
HnH/internal/repository/psql/psql_user.go:103.2,103.12 1 1
HnH/internal/repository/psql/psql_user.go:106.88,109.27 3 1
HnH/internal/repository/psql/psql_user.go:109.27,111.3 1 1
HnH/internal/repository/psql/psql_user.go:113.2,114.23 2 1
HnH/internal/repository/psql/psql_user.go:114.23,116.3 1 1
HnH/internal/repository/psql/psql_user.go:118.2,118.12 1 1
HnH/internal/repository/psql/psql_user.go:121.107,128.35 6 1
HnH/internal/repository/psql/psql_user.go:128.35,130.3 1 1
HnH/internal/repository/psql/psql_user.go:130.8,130.23 1 1
HnH/internal/repository/psql/psql_user.go:130.23,132.3 1 1
HnH/internal/repository/psql/psql_user.go:134.2,134.71 1 1
HnH/internal/repository/psql/psql_user.go:137.119,141.18 3 0
HnH/internal/repository/psql/psql_user.go:141.18,143.3 1 0
HnH/internal/repository/psql/psql_user.go:145.2,151.12 5 0
HnH/internal/repository/psql/psql_user.go:151.12,154.3 2 0
HnH/internal/repository/psql/psql_user.go:154.8,154.23 1 0
HnH/internal/repository/psql/psql_user.go:154.23,157.3 2 0
HnH/internal/repository/psql/psql_user.go:159.2,160.16 2 0
HnH/internal/repository/psql/psql_user.go:160.16,163.3 2 0
HnH/internal/repository/psql/psql_user.go:165.2,172.35 2 0
HnH/internal/repository/psql/psql_user.go:172.35,181.20 4 0
HnH/internal/repository/psql/psql_user.go:181.20,184.4 2 0
HnH/internal/repository/psql/psql_user.go:186.3,192.20 3 0
HnH/internal/repository/psql/psql_user.go:192.20,195.4 2 0
HnH/internal/repository/psql/psql_user.go:196.8,196.41 1 0
HnH/internal/repository/psql/psql_user.go:196.41,217.20 4 0
HnH/internal/repository/psql/psql_user.go:217.20,220.4 2 0
HnH/internal/repository/psql/psql_user.go:222.3,235.20 3 0
HnH/internal/repository/psql/psql_user.go:235.20,242.4 3 0
HnH/internal/repository/psql/psql_user.go:243.3,244.17 2 0
HnH/internal/repository/psql/psql_user.go:244.17,251.4 3 0
HnH/internal/repository/psql/psql_user.go:252.8,255.3 2 0
HnH/internal/repository/psql/psql_user.go:257.2,258.22 2 0
HnH/internal/repository/psql/psql_user.go:258.22,260.3 1 0
HnH/internal/repository/psql/psql_user.go:262.2,264.12 2 0
HnH/internal/repository/psql/psql_user.go:267.111,306.35 7 0
HnH/internal/repository/psql/psql_user.go:306.35,308.3 1 0
HnH/internal/repository/psql/psql_user.go:308.8,308.23 1 0
HnH/internal/repository/psql/psql_user.go:308.23,310.3 1 0
HnH/internal/repository/psql/psql_user.go:312.2,313.35 2 0
HnH/internal/repository/psql/psql_user.go:313.35,315.3 1 0
HnH/internal/repository/psql/psql_user.go:315.8,315.23 1 0
HnH/internal/repository/psql/psql_user.go:315.23,317.3 1 0
HnH/internal/repository/psql/psql_user.go:318.2,322.29 3 0
HnH/internal/repository/psql/psql_user.go:322.29,324.3 1 0
HnH/internal/repository/psql/psql_user.go:326.2,326.32 1 0
HnH/internal/repository/psql/psql_user.go:329.95,335.35 5 0
HnH/internal/repository/psql/psql_user.go:335.35,337.3 1 0
HnH/internal/repository/psql/psql_user.go:337.8,337.23 1 0
HnH/internal/repository/psql/psql_user.go:337.23,339.3 1 0
HnH/internal/repository/psql/psql_user.go:341.2,341.20 1 0
HnH/internal/repository/psql/psql_user.go:344.96,350.17 5 0
HnH/internal/repository/psql/psql_user.go:350.17,352.3 1 0
HnH/internal/repository/psql/psql_user.go:352.8,352.26 1 0
HnH/internal/repository/psql/psql_user.go:352.26,354.3 1 0
HnH/internal/repository/psql/psql_user.go:356.2,360.16 4 0
HnH/internal/repository/psql/psql_user.go:360.16,362.3 1 0
HnH/internal/repository/psql/psql_user.go:362.8,362.26 1 0
HnH/internal/repository/psql/psql_user.go:362.26,364.3 1 0
HnH/internal/repository/psql/psql_user.go:366.2,366.30 1 0
HnH/internal/repository/psql/psql_user.go:369.109,372.28 3 0
HnH/internal/repository/psql/psql_user.go:372.28,375.17 3 0
HnH/internal/repository/psql/psql_user.go:375.17,377.4 1 0
HnH/internal/repository/psql/psql_user.go:379.3,384.20 2 0
HnH/internal/repository/psql/psql_user.go:384.20,386.4 1 0
HnH/internal/repository/psql/psql_user.go:387.8,394.20 3 0
HnH/internal/repository/psql/psql_user.go:394.20,396.4 1 0
HnH/internal/repository/psql/psql_user.go:399.2,399.12 1 0
HnH/internal/repository/psql/psql_user.go:402.89,414.35 6 0
HnH/internal/repository/psql/psql_user.go:414.35,416.3 1 0
HnH/internal/repository/psql/psql_user.go:416.8,416.23 1 0
HnH/internal/repository/psql/psql_user.go:416.23,418.3 1 0
HnH/internal/repository/psql/psql_user.go:420.2,420.19 1 0
HnH/internal/repository/psql/psql_user.go:423.103,431.19 4 0
HnH/internal/repository/psql/psql_user.go:431.19,433.3 1 0
HnH/internal/repository/psql/psql_user.go:435.2,435.12 1 0
HnH/internal/repository/psql/psql_user.go:438.97,444.35 5 0
HnH/internal/repository/psql/psql_user.go:444.35,446.3 1 0
HnH/internal/repository/psql/psql_user.go:446.8,446.23 1 0
HnH/internal/repository/psql/psql_user.go:446.23,448.3 1 0
HnH/internal/repository/psql/psql_user.go:450.2,450.18 1 0
HnH/internal/repository/psql/psql_vacancy.go:33.62,37.2 1 1
HnH/internal/repository/psql/psql_vacancy.go:39.101,60.16 5 1
HnH/internal/repository/psql/psql_vacancy.go:60.16,62.3 1 1
HnH/internal/repository/psql/psql_vacancy.go:63.2,67.18 3 1
HnH/internal/repository/psql/psql_vacancy.go:67.18,83.17 3 1
HnH/internal/repository/psql/psql_vacancy.go:83.17,85.4 1 0
HnH/internal/repository/psql/psql_vacancy.go:86.3,86.57 1 1
HnH/internal/repository/psql/psql_vacancy.go:88.2,88.33 1 1
HnH/internal/repository/psql/psql_vacancy.go:88.33,90.3 1 1
HnH/internal/repository/psql/psql_vacancy.go:91.2,91.31 1 1
HnH/internal/repository/psql/psql_vacancy.go:94.131,102.22 3 0
HnH/internal/repository/psql/psql_vacancy.go:102.22,104.3 1 0
HnH/internal/repository/psql/psql_vacancy.go:106.2,108.34 3 0
HnH/internal/repository/psql/psql_vacancy.go:108.34,110.3 1 0
HnH/internal/repository/psql/psql_vacancy.go:112.2,135.16 5 0
HnH/internal/repository/psql/psql_vacancy.go:135.16,137.3 1 0
HnH/internal/repository/psql/psql_vacancy.go:138.2,142.18 3 0
HnH/internal/repository/psql/psql_vacancy.go:142.18,158.17 3 0
HnH/internal/repository/psql/psql_vacancy.go:158.17,160.4 1 0
HnH/internal/repository/psql/psql_vacancy.go:161.3,161.57 1 0
HnH/internal/repository/psql/psql_vacancy.go:163.2,163.33 1 0
HnH/internal/repository/psql/psql_vacancy.go:163.33,165.3 1 0
HnH/internal/repository/psql/psql_vacancy.go:166.2,166.31 1 0
HnH/internal/repository/psql/psql_vacancy.go:169.117,176.22 3 1
HnH/internal/repository/psql/psql_vacancy.go:176.22,178.3 1 1
HnH/internal/repository/psql/psql_vacancy.go:180.2,207.16 6 1
HnH/internal/repository/psql/psql_vacancy.go:207.16,209.3 1 1
HnH/internal/repository/psql/psql_vacancy.go:210.2,214.18 3 1
HnH/internal/repository/psql/psql_vacancy.go:214.18,230.17 3 1
HnH/internal/repository/psql/psql_vacancy.go:230.17,232.4 1 0
HnH/internal/repository/psql/psql_vacancy.go:233.3,233.57 1 1
HnH/internal/repository/psql/psql_vacancy.go:235.2,235.33 1 1
HnH/internal/repository/psql/psql_vacancy.go:235.33,237.3 1 1
HnH/internal/repository/psql/psql_vacancy.go:238.2,238.31 1 1
HnH/internal/repository/psql/psql_vacancy.go:241.110,283.26 6 1
HnH/internal/repository/psql/psql_vacancy.go:283.26,285.3 1 1
HnH/internal/repository/psql/psql_vacancy.go:286.2,286.16 1 1
HnH/internal/repository/psql/psql_vacancy.go:286.16,288.3 1 1
HnH/internal/repository/psql/psql_vacancy.go:290.2,290.30 1 1
HnH/internal/repository/psql/psql_vacancy.go:293.103,306.35 5 0
HnH/internal/repository/psql/psql_vacancy.go:306.35,308.3 1 0
HnH/internal/repository/psql/psql_vacancy.go:308.8,308.23 1 0
HnH/internal/repository/psql/psql_vacancy.go:308.23,310.3 1 0
HnH/internal/repository/psql/psql_vacancy.go:312.2,312.25 1 0
HnH/internal/repository/psql/psql_vacancy.go:315.114,325.19 5 0
HnH/internal/repository/psql/psql_vacancy.go:325.19,327.3 1 0
HnH/internal/repository/psql/psql_vacancy.go:329.2,347.35 2 0
HnH/internal/repository/psql/psql_vacancy.go:347.35,349.3 1 0
HnH/internal/repository/psql/psql_vacancy.go:349.8,349.23 1 0
HnH/internal/repository/psql/psql_vacancy.go:349.23,351.3 1 0
HnH/internal/repository/psql/psql_vacancy.go:353.2,356.18 3 0
HnH/internal/repository/psql/psql_vacancy.go:356.18,374.17 3 0
HnH/internal/repository/psql/psql_vacancy.go:374.17,376.4 1 0
HnH/internal/repository/psql/psql_vacancy.go:378.3,378.47 1 0
HnH/internal/repository/psql/psql_vacancy.go:381.2,381.26 1 0
HnH/internal/repository/psql/psql_vacancy.go:384.99,390.19 4 0
HnH/internal/repository/psql/psql_vacancy.go:390.19,392.3 1 0
HnH/internal/repository/psql/psql_vacancy.go:394.2,394.24 1 0
HnH/internal/repository/psql/psql_vacancy.go:397.141,406.16 4 0
HnH/internal/repository/psql/psql_vacancy.go:406.16,408.3 1 0
HnH/internal/repository/psql/psql_vacancy.go:410.2,410.12 1 0
HnH/internal/repository/psql/psql_vacancy.go:410.12,412.3 1 0
HnH/internal/repository/psql/psql_vacancy.go:414.2,417.16 3 0
HnH/internal/repository/psql/psql_vacancy.go:417.16,419.3 1 0
HnH/internal/repository/psql/psql_vacancy.go:421.2,424.16 3 0
HnH/internal/repository/psql/psql_vacancy.go:424.16,426.3 1 0
HnH/internal/repository/psql/psql_vacancy.go:428.2,432.16 3 0
HnH/internal/repository/psql/psql_vacancy.go:432.16,434.3 1 0
HnH/internal/repository/psql/psql_vacancy.go:436.2,437.16 2 0
HnH/internal/repository/psql/psql_vacancy.go:437.16,439.3 1 0
HnH/internal/repository/psql/psql_vacancy.go:441.2,441.56 1 0
HnH/internal/repository/psql/psql_vacancy.go:495.94,513.26 6 0
HnH/internal/repository/psql/psql_vacancy.go:513.26,515.3 1 0
HnH/internal/repository/psql/psql_vacancy.go:516.2,516.16 1 0
HnH/internal/repository/psql/psql_vacancy.go:516.16,518.3 1 0
HnH/internal/repository/psql/psql_vacancy.go:520.2,520.32 1 0
HnH/internal/repository/psql/psql_vacancy.go:524.119,568.26 6 1
HnH/internal/repository/psql/psql_vacancy.go:568.26,570.3 1 1
HnH/internal/repository/psql/psql_vacancy.go:571.2,571.16 1 1
HnH/internal/repository/psql/psql_vacancy.go:571.16,573.3 1 1
HnH/internal/repository/psql/psql_vacancy.go:575.2,575.31 1 1
HnH/internal/repository/psql/psql_vacancy.go:578.129,618.26 5 0
HnH/internal/repository/psql/psql_vacancy.go:618.26,620.3 1 0
HnH/internal/repository/psql/psql_vacancy.go:621.2,621.16 1 0
HnH/internal/repository/psql/psql_vacancy.go:621.16,623.3 1 0
HnH/internal/repository/psql/psql_vacancy.go:625.2,626.16 2 0
HnH/internal/repository/psql/psql_vacancy.go:626.16,628.3 1 0
HnH/internal/repository/psql/psql_vacancy.go:630.2,630.12 1 0
HnH/internal/repository/psql/psql_vacancy.go:633.102,650.26 5 0
HnH/internal/repository/psql/psql_vacancy.go:650.26,652.3 1 0
HnH/internal/repository/psql/psql_vacancy.go:653.2,653.16 1 0
HnH/internal/repository/psql/psql_vacancy.go:653.16,655.3 1 0
HnH/internal/repository/psql/psql_vacancy.go:657.2,658.16 2 0
HnH/internal/repository/psql/psql_vacancy.go:658.16,660.3 1 0
HnH/internal/repository/psql/psql_vacancy.go:662.2,662.12 1 0
HnH/pkg/authUtils/email_validator.go:9.40,10.21 1 0
HnH/pkg/authUtils/email_validator.go:10.21,12.3 1 0
HnH/pkg/authUtils/email_validator.go:14.2,15.16 2 0
HnH/pkg/authUtils/email_validator.go:15.16,17.3 1 0
HnH/pkg/authUtils/email_validator.go:17.8,17.30 1 0
HnH/pkg/authUtils/email_validator.go:17.30,19.3 1 0
HnH/pkg/authUtils/email_validator.go:21.2,21.12 1 0
HnH/pkg/authUtils/hasher.go:28.37,31.16 3 1
HnH/pkg/authUtils/hasher.go:31.16,33.3 1 0
HnH/pkg/authUtils/hasher.go:35.2,35.18 1 1
HnH/pkg/authUtils/hasher.go:38.74,40.16 2 1
HnH/pkg/authUtils/hasher.go:40.16,42.3 1 0
HnH/pkg/authUtils/hasher.go:44.2,45.24 2 1
HnH/pkg/authUtils/hasher.go:48.76,51.62 2 1
HnH/pkg/authUtils/hasher.go:51.62,53.3 1 1
HnH/pkg/authUtils/hasher.go:55.2,55.14 1 0
HnH/pkg/authUtils/password_validator.go:7.46,8.24 1 0
HnH/pkg/authUtils/password_validator.go:8.24,10.3 1 0
HnH/pkg/authUtils/password_validator.go:12.2,12.46 1 0
HnH/pkg/authUtils/password_validator.go:12.46,14.3 1 0
HnH/pkg/authUtils/password_validator.go:16.2,20.32 3 0
HnH/pkg/authUtils/password_validator.go:20.32,21.16 1 0
HnH/pkg/authUtils/password_validator.go:21.16,23.4 1 0
HnH/pkg/authUtils/password_validator.go:25.3,25.18 1 0
HnH/pkg/authUtils/password_validator.go:25.18,27.4 1 0
HnH/pkg/authUtils/password_validator.go:40.2,40.55 1 0
HnH/pkg/authUtils/password_validator.go:40.55,42.3 1 0
HnH/pkg/authUtils/password_validator.go:44.2,44.12 1 0
HnH/pkg/authUtils/password_validator.go:47.45,48.24 1 0
HnH/pkg/authUtils/password_validator.go:48.24,50.3 1 0
HnH/pkg/authUtils/password_validator.go:52.2,52.12 1 0
HnH/pkg/contextUtils/context_utils.go:16.58,18.2 1 1
HnH/pkg/contextUtils/context_utils.go:20.54,22.2 1 0
HnH/pkg/logging/logrus.go:11.35,19.2 4 0
HnH/pkg/queryUtils/psql_query_utils.go:9.39,11.27 2 1
HnH/pkg/queryUtils/psql_query_utils.go:11.27,13.3 1 1
HnH/pkg/queryUtils/psql_query_utils.go:14.2,14.23 1 1
HnH/pkg/queryUtils/psql_query_utils.go:20.64,22.35 2 1
HnH/pkg/queryUtils/psql_query_utils.go:22.35,24.3 1 1
HnH/pkg/queryUtils/psql_query_utils.go:25.2,25.46 1 1
HnH/pkg/queryUtils/psql_query_utils.go:28.84,32.31 2 0
HnH/pkg/queryUtils/psql_query_utils.go:32.31,34.3 1 0
HnH/pkg/queryUtils/psql_query_utils.go:35.2,35.33 1 0
HnH/pkg/queryUtils/psql_query_utils.go:38.103,41.52 3 0
HnH/pkg/queryUtils/psql_query_utils.go:41.52,43.3 1 0
HnH/pkg/queryUtils/psql_query_utils.go:44.2,47.34 3 0
HnH/pkg/queryUtils/psql_query_utils.go:50.105,52.41 2 0
HnH/pkg/queryUtils/psql_query_utils.go:52.41,54.3 1 0
HnH/pkg/queryUtils/psql_query_utils.go:55.2,55.36 1 0
HnH/pkg/queryUtils/psql_query_utils.go:58.70,60.35 2 1
HnH/pkg/queryUtils/psql_query_utils.go:60.35,62.37 2 1
HnH/pkg/queryUtils/psql_query_utils.go:62.37,63.26 1 0
HnH/pkg/queryUtils/psql_query_utils.go:63.26,65.10 2 0
HnH/pkg/queryUtils/psql_query_utils.go:68.3,68.16 1 1
HnH/pkg/queryUtils/psql_query_utils.go:68.16,70.4 1 1
HnH/pkg/queryUtils/psql_query_utils.go:72.2,72.12 1 1
HnH/pkg/testHelper/test_helper.go:26.56,29.34 2 1
HnH/pkg/testHelper/test_helper.go:29.34,31.3 1 1
HnH/pkg/testHelper/test_helper.go:33.2,33.15 1 1
HnH/services/searchEngineService/searchEnginePB/search_engine.pb.go:38.33,40.29 2 0
HnH/services/searchEngineService/searchEnginePB/search_engine.pb.go:40.29,44.3 3 0
HnH/services/searchEngineService/searchEnginePB/search_engine.pb.go:47.41,49.2 1 0
HnH/services/searchEngineService/searchEnginePB/search_engine.pb.go:51.39,51.40 0 0
HnH/services/searchEngineService/searchEnginePB/search_engine.pb.go:53.61,55.41 2 0
HnH/services/searchEngineService/searchEnginePB/search_engine.pb.go:55.41,57.34 2 0
HnH/services/searchEngineService/searchEnginePB/search_engine.pb.go:57.34,59.4 1 0
HnH/services/searchEngineService/searchEnginePB/search_engine.pb.go:60.3,60.12 1 0
HnH/services/searchEngineService/searchEnginePB/search_engine.pb.go:62.2,62.24 1 0
HnH/services/searchEngineService/searchEnginePB/search_engine.pb.go:66.52,68.2 1 0
HnH/services/searchEngineService/searchEnginePB/search_engine.pb.go:70.43,71.14 1 0
HnH/services/searchEngineService/searchEnginePB/search_engine.pb.go:71.14,73.3 1 0
HnH/services/searchEngineService/searchEnginePB/search_engine.pb.go:74.2,74.11 1 0
HnH/services/searchEngineService/searchEnginePB/search_engine.pb.go:77.47,78.14 1 0
HnH/services/searchEngineService/searchEnginePB/search_engine.pb.go:78.14,80.3 1 0
HnH/services/searchEngineService/searchEnginePB/search_engine.pb.go:81.2,81.10 1 0
HnH/services/searchEngineService/searchEnginePB/search_engine.pb.go:84.51,85.14 1 0
HnH/services/searchEngineService/searchEnginePB/search_engine.pb.go:85.14,87.3 1 0
HnH/services/searchEngineService/searchEnginePB/search_engine.pb.go:88.2,88.10 1 0
HnH/services/searchEngineService/searchEnginePB/search_engine.pb.go:100.31,102.29 2 0
HnH/services/searchEngineService/searchEnginePB/search_engine.pb.go:102.29,106.3 3 0
HnH/services/searchEngineService/searchEnginePB/search_engine.pb.go:109.39,111.2 1 0
HnH/services/searchEngineService/searchEnginePB/search_engine.pb.go:113.37,113.38 0 0
HnH/services/searchEngineService/searchEnginePB/search_engine.pb.go:115.59,117.41 2 0
HnH/services/searchEngineService/searchEnginePB/search_engine.pb.go:117.41,119.34 2 0
HnH/services/searchEngineService/searchEnginePB/search_engine.pb.go:119.34,121.4 1 0
HnH/services/searchEngineService/searchEnginePB/search_engine.pb.go:122.3,122.12 1 0
HnH/services/searchEngineService/searchEnginePB/search_engine.pb.go:124.2,124.24 1 0
HnH/services/searchEngineService/searchEnginePB/search_engine.pb.go:128.50,130.2 1 0
HnH/services/searchEngineService/searchEnginePB/search_engine.pb.go:132.41,133.14 1 0
HnH/services/searchEngineService/searchEnginePB/search_engine.pb.go:133.14,135.3 1 0
HnH/services/searchEngineService/searchEnginePB/search_engine.pb.go:136.2,136.11 1 0
HnH/services/searchEngineService/searchEnginePB/search_engine.pb.go:139.40,140.14 1 0
HnH/services/searchEngineService/searchEnginePB/search_engine.pb.go:140.14,142.3 1 0
HnH/services/searchEngineService/searchEnginePB/search_engine.pb.go:143.2,143.10 1 0
HnH/services/searchEngineService/searchEnginePB/search_engine.pb.go:156.26,158.29 2 0
HnH/services/searchEngineService/searchEnginePB/search_engine.pb.go:158.29,162.3 3 0
HnH/services/searchEngineService/searchEnginePB/search_engine.pb.go:165.34,167.2 1 0
HnH/services/searchEngineService/searchEnginePB/search_engine.pb.go:169.32,169.33 0 0
HnH/services/searchEngineService/searchEnginePB/search_engine.pb.go:171.54,173.41 2 0
HnH/services/searchEngineService/searchEnginePB/search_engine.pb.go:173.41,175.34 2 0
HnH/services/searchEngineService/searchEnginePB/search_engine.pb.go:175.34,177.4 1 0
HnH/services/searchEngineService/searchEnginePB/search_engine.pb.go:178.3,178.12 1 0
HnH/services/searchEngineService/searchEnginePB/search_engine.pb.go:180.2,180.24 1 0
HnH/services/searchEngineService/searchEnginePB/search_engine.pb.go:184.45,186.2 1 0
HnH/services/searchEngineService/searchEnginePB/search_engine.pb.go:188.35,189.14 1 0
HnH/services/searchEngineService/searchEnginePB/search_engine.pb.go:189.14,191.3 1 0
HnH/services/searchEngineService/searchEnginePB/search_engine.pb.go:192.2,192.11 1 0
HnH/services/searchEngineService/searchEnginePB/search_engine.pb.go:195.35,196.14 1 0
HnH/services/searchEngineService/searchEnginePB/search_engine.pb.go:196.14,198.3 1 0
HnH/services/searchEngineService/searchEnginePB/search_engine.pb.go:199.2,199.11 1 0
HnH/services/searchEngineService/searchEnginePB/search_engine.pb.go:202.45,203.14 1 0
HnH/services/searchEngineService/searchEnginePB/search_engine.pb.go:203.14,205.3 1 0
HnH/services/searchEngineService/searchEnginePB/search_engine.pb.go:206.2,206.12 1 0
HnH/services/searchEngineService/searchEnginePB/search_engine.pb.go:219.34,221.29 2 0
HnH/services/searchEngineService/searchEnginePB/search_engine.pb.go:221.29,225.3 3 0
HnH/services/searchEngineService/searchEnginePB/search_engine.pb.go:228.42,230.2 1 0
HnH/services/searchEngineService/searchEnginePB/search_engine.pb.go:232.40,232.41 0 0
HnH/services/searchEngineService/searchEnginePB/search_engine.pb.go:234.62,236.41 2 0
HnH/services/searchEngineService/searchEnginePB/search_engine.pb.go:236.41,238.34 2 0
HnH/services/searchEngineService/searchEnginePB/search_engine.pb.go:238.34,240.4 1 0
HnH/services/searchEngineService/searchEnginePB/search_engine.pb.go:241.3,241.12 1 0
HnH/services/searchEngineService/searchEnginePB/search_engine.pb.go:243.2,243.24 1 0
HnH/services/searchEngineService/searchEnginePB/search_engine.pb.go:247.53,249.2 1 0
HnH/services/searchEngineService/searchEnginePB/search_engine.pb.go:251.43,252.14 1 0
HnH/services/searchEngineService/searchEnginePB/search_engine.pb.go:252.14,254.3 1 0
HnH/services/searchEngineService/searchEnginePB/search_engine.pb.go:255.2,255.12 1 0
HnH/services/searchEngineService/searchEnginePB/search_engine.pb.go:258.43,259.14 1 0
HnH/services/searchEngineService/searchEnginePB/search_engine.pb.go:259.14,261.3 1 0
HnH/services/searchEngineService/searchEnginePB/search_engine.pb.go:262.2,262.10 1 0
HnH/services/searchEngineService/searchEnginePB/search_engine.pb.go:265.49,266.14 1 0
HnH/services/searchEngineService/searchEnginePB/search_engine.pb.go:266.14,268.3 1 0
HnH/services/searchEngineService/searchEnginePB/search_engine.pb.go:269.2,269.12 1 0
HnH/services/searchEngineService/searchEnginePB/search_engine.pb.go:324.67,325.64 1 0
HnH/services/searchEngineService/searchEnginePB/search_engine.pb.go:325.64,327.3 1 0
HnH/services/searchEngineService/searchEnginePB/search_engine.pb.go:328.2,328.60 1 0
HnH/services/searchEngineService/searchEnginePB/search_engine.pb.go:352.13,352.63 1 1
HnH/services/searchEngineService/searchEnginePB/search_engine.pb.go:353.53,354.52 1 1
HnH/services/searchEngineService/searchEnginePB/search_engine.pb.go:354.52,356.3 1 0
HnH/services/searchEngineService/searchEnginePB/search_engine.pb.go:357.2,357.30 1 1
HnH/services/searchEngineService/searchEnginePB/search_engine.pb.go:357.30,358.105 1 0
HnH/services/searchEngineService/searchEnginePB/search_engine.pb.go:358.105,359.38 1 0
HnH/services/searchEngineService/searchEnginePB/search_engine.pb.go:360.11,361.20 1 0
HnH/services/searchEngineService/searchEnginePB/search_engine.pb.go:362.11,363.24 1 0
HnH/services/searchEngineService/searchEnginePB/search_engine.pb.go:364.11,365.28 1 0
HnH/services/searchEngineService/searchEnginePB/search_engine.pb.go:366.12,367.15 1 0
HnH/services/searchEngineService/searchEnginePB/search_engine.pb.go:370.3,370.105 1 0
HnH/services/searchEngineService/searchEnginePB/search_engine.pb.go:370.105,371.36 1 0
HnH/services/searchEngineService/searchEnginePB/search_engine.pb.go:372.11,373.20 1 0
HnH/services/searchEngineService/searchEnginePB/search_engine.pb.go:374.11,375.24 1 0
HnH/services/searchEngineService/searchEnginePB/search_engine.pb.go:376.11,377.28 1 0
HnH/services/searchEngineService/searchEnginePB/search_engine.pb.go:378.12,379.15 1 0
HnH/services/searchEngineService/searchEnginePB/search_engine.pb.go:382.3,382.105 1 0
HnH/services/searchEngineService/searchEnginePB/search_engine.pb.go:382.105,383.31 1 0
HnH/services/searchEngineService/searchEnginePB/search_engine.pb.go:384.11,385.20 1 0
HnH/services/searchEngineService/searchEnginePB/search_engine.pb.go:386.11,387.24 1 0
HnH/services/searchEngineService/searchEnginePB/search_engine.pb.go:388.11,389.28 1 0
HnH/services/searchEngineService/searchEnginePB/search_engine.pb.go:390.12,391.15 1 0
HnH/services/searchEngineService/searchEnginePB/search_engine.pb.go:394.3,394.105 1 0
HnH/services/searchEngineService/searchEnginePB/search_engine.pb.go:394.105,395.39 1 0
HnH/services/searchEngineService/searchEnginePB/search_engine.pb.go:396.11,397.20 1 0
HnH/services/searchEngineService/searchEnginePB/search_engine.pb.go:398.11,399.24 1 0
HnH/services/searchEngineService/searchEnginePB/search_engine.pb.go:400.11,401.28 1 0
HnH/services/searchEngineService/searchEnginePB/search_engine.pb.go:402.12,403.15 1 0
HnH/services/searchEngineService/searchEnginePB/search_engine.pb.go:407.2,424.55 6 1
HnH/services/searchEngineService/searchEnginePB/search_engine_grpc.pb.go:33.76,35.2 1 0
HnH/services/searchEngineService/searchEnginePB/search_engine_grpc.pb.go:37.136,40.16 3 0
HnH/services/searchEngineService/searchEnginePB/search_engine_grpc.pb.go:40.16,42.3 1 0
HnH/services/searchEngineService/searchEnginePB/search_engine_grpc.pb.go:43.2,43.17 1 0
HnH/services/searchEngineService/searchEnginePB/search_engine_grpc.pb.go:46.130,49.16 3 0
HnH/services/searchEngineService/searchEnginePB/search_engine_grpc.pb.go:49.16,51.3 1 0
HnH/services/searchEngineService/searchEnginePB/search_engine_grpc.pb.go:52.2,52.17 1 0
HnH/services/searchEngineService/searchEnginePB/search_engine_grpc.pb.go:68.114,70.2 1 0
HnH/services/searchEngineService/searchEnginePB/search_engine_grpc.pb.go:71.108,73.2 1 0
HnH/services/searchEngineService/searchEnginePB/search_engine_grpc.pb.go:74.84,74.85 0 0
HnH/services/searchEngineService/searchEnginePB/search_engine_grpc.pb.go:83.82,85.2 1 0
HnH/services/searchEngineService/searchEnginePB/search_engine_grpc.pb.go:87.173,89.32 2 0
HnH/services/searchEngineService/searchEnginePB/search_engine_grpc.pb.go:89.32,91.3 1 0
HnH/services/searchEngineService/searchEnginePB/search_engine_grpc.pb.go:92.2,92.24 1 0
HnH/services/searchEngineService/searchEnginePB/search_engine_grpc.pb.go:92.24,94.3 1 0
HnH/services/searchEngineService/searchEnginePB/search_engine_grpc.pb.go:95.2,99.77 2 0
HnH/services/searchEngineService/searchEnginePB/search_engine_grpc.pb.go:99.77,101.3 1 0
HnH/services/searchEngineService/searchEnginePB/search_engine_grpc.pb.go:102.2,102.44 1 0
HnH/services/searchEngineService/searchEnginePB/search_engine_grpc.pb.go:105.167,107.32 2 0
HnH/services/searchEngineService/searchEnginePB/search_engine_grpc.pb.go:107.32,109.3 1 0
HnH/services/searchEngineService/searchEnginePB/search_engine_grpc.pb.go:110.2,110.24 1 0
HnH/services/searchEngineService/searchEnginePB/search_engine_grpc.pb.go:110.24,112.3 1 0
HnH/services/searchEngineService/searchEnginePB/search_engine_grpc.pb.go:113.2,117.77 2 0
HnH/services/searchEngineService/searchEnginePB/search_engine_grpc.pb.go:117.77,119.3 1 0
HnH/services/searchEngineService/searchEnginePB/search_engine_grpc.pb.go:120.2,120.44 1 0
